<?xml version="1.0" encoding="UTF-8"?>
<!-- Generated by org.testng.reporters.JUnitReportReporter -->
<testsuite hostname="DESKTOP-DIOO17K" failures="0" tests="1" name="venky.logmethosd" time="1.757" errors="0" timestamp="2023-08-28T12:03:11 IST" skipped="0">
  <testcase classname="venky.logmethosd" name="log_method" time="1.757"/>
</testsuite> <!-- venky.logmethosd -->
