<?xml version="1.0" encoding="UTF-8"?>
<!-- Generated by org.testng.reporters.JUnitReportReporter -->
<testsuite hostname="DESKTOP-DIOO17K" failures="0" tests="1" name="RestAssuredPractice.cookies" time="1.931" errors="0" timestamp="2023-08-29T11:33:31 IST" skipped="0">
  <testcase classname="RestAssuredPractice.cookies" name="cookie" time="1.931"/>
</testsuite> <!-- RestAssuredPractice.cookies -->
