<?xml version="1.0" encoding="UTF-8"?>
<!-- Generated by org.testng.reporters.JUnitReportReporter -->
<testsuite hostname="DESKTOP-DIOO17K" failures="0" tests="4" name="practice.Httprequests" time="1.560" errors="0" timestamp="2023-08-22T12:42:48 IST" skipped="0">
  <testcase classname="practice.Httprequests" name="get_user" time="0.152"/>
  <testcase classname="practice.Httprequests" name="create_user" time="0.507"/>
  <testcase classname="practice.Httprequests" name="put_user" time="0.492"/>
  <testcase classname="practice.Httprequests" name="delete_user" time="0.409"/>
</testsuite> <!-- practice.Httprequests -->
