<?xml version="1.0" encoding="UTF-8"?>
<!-- Generated by org.testng.reporters.JUnitReportReporter -->
<testsuite hostname="DESKTOP-DIOO17K" failures="0" tests="1" name="Apractice1.fileuploadAndDownload" time="1.323" errors="0" timestamp="2023-08-30T20:27:46 IST" skipped="0">
  <testcase classname="Apractice1.fileuploadAndDownload" name="filedownload" time="1.323"/>
</testsuite> <!-- Apractice1.fileuploadAndDownload -->
