<?xml version="1.0" encoding="UTF-8"?>
<!-- Generated by org.testng.reporters.JUnitReportReporter -->
<testsuite hostname="DESKTOP-DIOO17K" failures="0" tests="1" name="chain.deleteuser" time="0.189" errors="0" timestamp="2023-08-29T15:25:05 IST" skipped="0">
  <testcase classname="chain.deleteuser" name="testdeleteuser" time="0.189"/>
</testsuite> <!-- chain.deleteuser -->
