<?xml version="1.0" encoding="UTF-8"?>
<!-- Generated by org.testng.reporters.JUnitReportReporter -->
<testsuite hostname="DESKTOP-DIOO17K" failures="0" tests="1" name="venky.createuser" time="2.471" errors="0" timestamp="2023-08-29T14:15:06 IST" skipped="0">
  <testcase classname="venky.createuser" name="test_createuser" time="2.471"/>
</testsuite> <!-- venky.createuser -->
