<?xml version="1.0" encoding="UTF-8"?>
<!-- Generated by org.testng.reporters.JUnitReportReporter -->
<testsuite hostname="DESKTOP-DIOO17K" failures="0" tests="1" name="Apractice1.parsingdata" time="1.465" errors="0" timestamp="2023-08-30T19:27:18 IST" skipped="0">
  <testcase classname="Apractice1.parsingdata" name="parsingdata4" time="1.465"/>
</testsuite> <!-- Apractice1.parsingdata -->
