<?xml version="1.0" encoding="UTF-8"?>
<!-- Generated by org.testng.reporters.JUnitReportReporter -->
<testsuite hostname="DESKTOP-DIOO17K" failures="0" tests="2" name="restassured.HTTP_Requests" time="3.852" errors="0" timestamp="2023-08-21T10:02:29 IST" skipped="0">
  <testcase classname="restassured.HTTP_Requests" name="create_users_postmethod" time="3.155"/>
  <testcase classname="restassured.HTTP_Requests" name="update_users_putmethod" time="0.697"/>
</testsuite> <!-- restassured.HTTP_Requests -->
