<?xml version="1.0" encoding="UTF-8"?>
<!-- Generated by org.testng.reporters.JUnitReportReporter -->
<testsuite hostname="DESKTOP-DIOO17K" failures="0" tests="1" name="RestAssuredPractice.createuser" time="4.322" errors="0" timestamp="2023-08-29T14:15:35 IST" skipped="0">
  <testcase classname="RestAssuredPractice.createuser" name="createuser" time="4.322"/>
</testsuite> <!-- RestAssuredPractice.createuser -->
