<?xml version="1.0" encoding="UTF-8"?>
<!-- Generated by org.testng.reporters.JUnitReportReporter -->
<testsuite hostname="DESKTOP-DIOO17K" failures="0" tests="1" name="RestAssuredPractice.seriadesre" time="0.577" errors="0" timestamp="2023-08-29T13:19:10 IST" skipped="0">
  <testcase classname="RestAssuredPractice.seriadesre" name="jsontopojo" time="0.577"/>
</testsuite> <!-- RestAssuredPractice.seriadesre -->
