<?xml version="1.0" encoding="UTF-8"?>
<!-- Generated by org.testng.reporters.JUnitReportReporter -->
<testsuite hostname="DESKTOP-DIOO17K" failures="0" tests="1" name="RestAssuredPractice.fileupload$multiplefileupload" time="2.543" errors="0" timestamp="2023-08-29T12:59:41 IST" skipped="0">
  <testcase classname="RestAssuredPractice.fileupload$multiplefileupload" name="file_upload" time="2.543"/>
</testsuite> <!-- RestAssuredPractice.fileupload$multiplefileupload -->
