<?xml version="1.0" encoding="UTF-8"?>
<!-- Generated by org.testng.reporters.JUnitReportReporter -->
<testsuite hostname="DESKTOP-DIOO17K" failures="0" tests="1" name="RestAssuredPractice.differentwaysofPOST" time="2.529" errors="0" timestamp="2023-08-29T11:23:13 IST" skipped="0">
  <testcase classname="RestAssuredPractice.differentwaysofPOST" name="extenalfiles" time="2.529"/>
</testsuite> <!-- RestAssuredPractice.differentwaysofPOST -->
