<?xml version="1.0" encoding="UTF-8"?>
<!-- Generated by org.testng.reporters.JUnitReportReporter -->
<testsuite hostname="DESKTOP-DIOO17K" failures="0" tests="1" name="venky.QueryAndpathParameters" time="1.890" errors="0" timestamp="2023-08-28T11:29:17 IST" skipped="0">
  <testcase classname="venky.QueryAndpathParameters" name="path_query_parameters" time="1.890"/>
</testsuite> <!-- venky.QueryAndpathParameters -->
