<?xml version="1.0" encoding="UTF-8"?>
<!-- Generated by org.testng.reporters.JUnitReportReporter -->
<testsuite hostname="DESKTOP-DIOO17K" failures="0" tests="1" name="RestAssuredPractice.xmalschemavalidator" time="1.530" errors="0" timestamp="2023-08-29T12:53:16 IST" skipped="0">
  <testcase classname="RestAssuredPractice.xmalschemavalidator" name="xmlvalidator" time="1.530"/>
</testsuite> <!-- RestAssuredPractice.xmalschemavalidator -->
