<?xml version="1.0" encoding="UTF-8"?>
<!-- Generated by org.testng.reporters.JUnitReportReporter -->
<testsuite hostname="DESKTOP-DIOO17K" failures="0" tests="1" name="RestAssuredPractice.headers" time="3.025" errors="0" timestamp="2023-08-29T11:44:47 IST" skipped="0">
  <testcase classname="RestAssuredPractice.headers" name="headers" time="3.025"/>
</testsuite> <!-- RestAssuredPractice.headers -->
