<?xml version="1.0" encoding="UTF-8"?>
<!-- Generated by org.testng.reporters.JUnitReportReporter -->
<testsuite hostname="DESKTOP-DIOO17K" failures="0" tests="1" name="RestAssuredPractice.pathandqueryparameter" time="2.743" errors="0" timestamp="2023-08-29T11:51:44 IST" skipped="0">
  <testcase classname="RestAssuredPractice.pathandqueryparameter" name="pathparameter" time="2.743"/>
</testsuite> <!-- RestAssuredPractice.pathandqueryparameter -->
