<?xml version="1.0" encoding="UTF-8"?>
<!-- Generated by org.testng.reporters.JUnitReportReporter -->
<testsuite hostname="DESKTOP-DIOO17K" failures="0" tests="1" name="restassured.CookieAndHeader" time="2.136" errors="0" timestamp="2023-08-20T14:13:51 IST" skipped="0">
  <testcase classname="restassured.CookieAndHeader" name="get_cookies_method" time="2.136"/>
</testsuite> <!-- restassured.CookieAndHeader -->
