<?xml version="1.0" encoding="UTF-8"?>
<!-- Generated by org.testng.reporters.JUnitReportReporter -->
<testsuite hostname="DESKTOP-DIOO17K" failures="0" tests="1" name="practice.xmlscemavalidator" time="0.310" errors="0" timestamp="2023-08-22T12:42:48 IST" skipped="0">
  <testcase classname="practice.xmlscemavalidator" name="jsonschema" time="0.310"/>
</testsuite> <!-- practice.xmlscemavalidator -->
