<?xml version="1.0" encoding="UTF-8"?>
<!-- Generated by org.testng.reporters.JUnitReportReporter -->
<testsuite hostname="DESKTOP-DIOO17K" failures="0" tests="1" name="practice.fakerdatacreate" time="0.210" errors="0" timestamp="2023-08-22T12:42:48 IST" skipped="0">
  <testcase classname="practice.fakerdatacreate" name="fakedate" time="0.210"/>
</testsuite> <!-- practice.fakerdatacreate -->
