<?xml version="1.0" encoding="UTF-8"?>
<!-- Generated by org.testng.reporters.JUnitReportReporter -->
<testsuite hostname="DESKTOP-DIOO17K" failures="0" tests="1" name="chains.create" time="5.800" errors="0" timestamp="2023-08-29T15:12:59 IST" skipped="0">
  <testcase classname="chains.create" name="create" time="5.800"/>
</testsuite> <!-- chains.create -->
