<?xml version="1.0" encoding="UTF-8"?>
<!-- Generated by org.testng.reporters.JUnitReportReporter -->
<testsuite hostname="DESKTOP-DIOO17K" failures="0" tests="1" name="restassured.logg" time="3.155" errors="0" timestamp="2023-08-20T14:35:41 IST" skipped="0">
  <testcase classname="restassured.logg" name="log_method" time="3.155"/>
</testsuite> <!-- restassured.logg -->
