<?xml version="1.0" encoding="UTF-8"?>
<!-- Generated by org.testng.reporters.JUnitReportReporter -->
<testsuite hostname="DESKTOP-DIOO17K" failures="0" tests="1" name="chaining.createuser" time="2.652" errors="0" timestamp="2023-08-29T15:19:05 IST" skipped="0">
  <testcase classname="chaining.createuser" name="test_createuser" time="2.652"/>
</testsuite> <!-- chaining.createuser -->
