<?xml version="1.0" encoding="UTF-8"?>
<!-- Generated by org.testng.reporters.JUnitReportReporter -->
<testsuite hostname="DESKTOP-DIOO17K" failures="0" tests="1" name="venky.parsingXmlresponse" time="1.998" errors="0" timestamp="2023-08-28T13:29:44 IST" skipped="0">
  <testcase classname="venky.parsingXmlresponse" name="testxmlresponsebody" time="1.998"/>
</testsuite> <!-- venky.parsingXmlresponse -->
