<?xml version="1.0" encoding="UTF-8"?>
<!-- Generated by org.testng.reporters.JUnitReportReporter -->
<testsuite hostname="DESKTOP-DIOO17K" failures="0" tests="1" name="chain.getuser" time="0.265" errors="0" timestamp="2023-08-29T15:25:05 IST" skipped="0">
  <testcase classname="chain.getuser" name="testgetuser" time="0.265"/>
</testsuite> <!-- chain.getuser -->
