<?xml version="1.0" encoding="UTF-8"?>
<!-- Generated by org.testng.reporters.JUnitReportReporter -->
<testsuite hostname="DESKTOP-DIOO17K" failures="0" tests="1" name="RestAssuredPractice.parsingxmlresponse" time="1.938" errors="0" timestamp="2023-08-29T12:43:25 IST" skipped="0">
  <testcase classname="RestAssuredPractice.parsingxmlresponse" name="xmlresponse2" time="1.938"/>
</testsuite> <!-- RestAssuredPractice.parsingxmlresponse -->
