<?xml version="1.0" encoding="UTF-8"?>
<!-- Generated by org.testng.reporters.JUnitReportReporter -->
<testsuite hostname="DESKTOP-DIOO17K" failures="0" tests="1" name="RestAssuredPractice.parsingjsonresponse" time="1.933" errors="0" timestamp="2023-08-29T12:23:15 IST" skipped="0">
  <testcase classname="RestAssuredPractice.parsingjsonresponse" name="testjsonresponse4" time="1.933"/>
</testsuite> <!-- RestAssuredPractice.parsingjsonresponse -->
