<?xml version="1.0" encoding="UTF-8"?>
<!-- Generated by org.testng.reporters.JUnitReportReporter -->
<testsuite hostname="DESKTOP-DIOO17K" failures="0" tests="1" name="venky.ways_to_create_postRequest" time="2.890" errors="0" timestamp="2023-08-28T11:21:35 IST" skipped="0">
  <testcase classname="venky.ways_to_create_postRequest" name="extenalfiles" time="2.890"/>
</testsuite> <!-- venky.ways_to_create_postRequest -->
