<?xml version="1.0" encoding="UTF-8"?>
<!-- Generated by org.testng.reporters.JUnitReportReporter -->
<testsuite hostname="DESKTOP-DIOO17K" failures="0" tests="1" name="RestAssuredPractice.Authentication" time="2.446" errors="0" timestamp="2023-08-29T13:34:10 IST" skipped="0">
  <testcase classname="RestAssuredPractice.Authentication" name="auth2" time="2.446"/>
</testsuite> <!-- RestAssuredPractice.Authentication -->
