<?xml version="1.0" encoding="UTF-8"?>
<!-- Generated by org.testng.reporters.JUnitReportReporter -->
<testsuite hostname="DESKTOP-DIOO17K" failures="0" tests="1" name="Apractice1.parsinxml" time="14.546" errors="0" timestamp="2023-08-30T19:51:44 IST" skipped="0">
  <testcase classname="Apractice1.parsinxml" name="parsingxm3" time="14.546"/>
</testsuite> <!-- Apractice1.parsinxml -->
