<?xml version="1.0" encoding="UTF-8"?>
<!-- Generated by org.testng.reporters.JUnitReportReporter -->
<testsuite hostname="DESKTOP-DIOO17K" failures="0" tests="1" name="venky.serializationDeserialization" time="0.592" errors="0" timestamp="2023-08-29T13:13:39 IST" skipped="0">
  <testcase classname="venky.serializationDeserialization" name="pojoTojson" time="0.592"/>
</testsuite> <!-- venky.serializationDeserialization -->
