<?xml version="1.0" encoding="UTF-8"?>
<!-- Generated by org.testng.reporters.JUnitReportReporter -->
<testsuite hostname="DESKTOP-DIOO17K" failures="0" tests="3" name="practice.parsinxmlresponse" time="0.808" errors="0" timestamp="2023-08-22T12:42:48 IST" skipped="0">
  <testcase classname="practice.parsinxmlresponse" name="testxmlresponse2" time="0.189"/>
  <testcase classname="practice.parsinxmlresponse" name="testxmlresponse" time="0.224"/>
  <testcase classname="practice.parsinxmlresponse" name="testJsonresponseBodyData" time="0.395"/>
</testsuite> <!-- practice.parsinxmlresponse -->
