<?xml version="1.0" encoding="UTF-8"?>
<!-- Generated by org.testng.reporters.JUnitReportReporter -->
<testsuite hostname="DESKTOP-DIOO17K" failures="0" tests="1" name="venky.HttpRequests" time="2.997" errors="0" timestamp="2023-08-28T10:30:17 IST" skipped="0">
  <testcase classname="venky.HttpRequests" name="deleteuser" time="2.997"/>
</testsuite> <!-- venky.HttpRequests -->
