<?xml version="1.0" encoding="UTF-8"?>
<!-- Generated by org.testng.reporters.JUnitReportReporter -->
<testsuite hostname="DESKTOP-DIOO17K" failures="0" tests="1" name="practice.log" time="3.459" errors="0" timestamp="2023-08-21T11:23:00 IST" skipped="0">
  <testcase classname="practice.log" name="log" time="3.459"/>
</testsuite> <!-- practice.log -->
