<?xml version="1.0" encoding="UTF-8"?>
<!-- Generated by org.testng.reporters.JUnitReportReporter -->
<testsuite hostname="DESKTOP-DIOO17K" failures="0" tests="1" name="Apractice1.cookies" time="2.003" errors="0" timestamp="2023-08-30T18:46:23 IST" skipped="0">
  <testcase classname="Apractice1.cookies" name="cookies" time="2.003"/>
</testsuite> <!-- Apractice1.cookies -->
