<?xml version="1.0" encoding="UTF-8"?>
<!-- Generated by org.testng.reporters.JUnitReportReporter -->
<testsuite hostname="DESKTOP-DIOO17K" failures="0" tests="1" name="restassured.PathAndQueryParameter" time="2.463" errors="0" timestamp="2023-08-21T10:36:59 IST" skipped="0">
  <testcase classname="restassured.PathAndQueryParameter" name="PathAndQueryParameter" time="2.463"/>
</testsuite> <!-- restassured.PathAndQueryParameter -->
