<?xml version="1.0" encoding="UTF-8"?>
<!-- Generated by org.testng.reporters.JUnitReportReporter -->
<testsuite hostname="DESKTOP-DIOO17K" failures="0" tests="1" name="RestAssuredPractice.fileupload" time="1.262" errors="0" timestamp="2023-08-29T13:07:05 IST" skipped="0">
  <testcase classname="RestAssuredPractice.fileupload" name="download" time="1.262"/>
</testsuite> <!-- RestAssuredPractice.fileupload -->
