<?xml version="1.0" encoding="UTF-8"?>
<!-- Generated by org.testng.reporters.JUnitReportReporter -->
<testsuite hostname="DESKTOP-DIOO17K" failures="0" tests="1" name="venky.jsonschemavalidator" time="1.948" errors="0" timestamp="2023-08-28T17:00:34 IST" skipped="0">
  <testcase classname="venky.jsonschemavalidator" name="xmlschemavalidator" time="1.948"/>
</testsuite> <!-- venky.jsonschemavalidator -->
