<?xml version="1.0" encoding="UTF-8"?>
<!-- Generated by org.testng.reporters.JUnitReportReporter -->
<testsuite hostname="DESKTOP-DIOO17K" failures="0" tests="1" name="venky.Headers" time="2.195" errors="0" timestamp="2023-08-28T11:56:57 IST" skipped="0">
  <testcase classname="venky.Headers" name="getheaders" time="2.195"/>
</testsuite> <!-- venky.Headers -->
