<?xml version="1.0" encoding="UTF-8"?>
<!-- Generated by org.testng.reporters.JUnitReportReporter -->
<testsuite hostname="DESKTOP-DIOO17K" failures="0" tests="1" name="restassured.Headders" time="2.118" errors="0" timestamp="2023-08-20T14:30:22 IST" skipped="0">
  <testcase classname="restassured.Headders" name="getheader_method" time="2.118"/>
</testsuite> <!-- restassured.Headders -->
