<?xml version="1.0" encoding="UTF-8"?>
<!-- Generated by org.testng.reporters.JUnitReportReporter -->
<testsuite hostname="DESKTOP-DIOO17K" failures="0" tests="1" name="RestAssuredPractice.jsonschemavalidator" time="1.708" errors="0" timestamp="2023-08-29T12:48:54 IST" skipped="0">
  <testcase classname="RestAssuredPractice.jsonschemavalidator" name="schemavalidatorjson" time="1.708"/>
</testsuite> <!-- RestAssuredPractice.jsonschemavalidator -->
