<?xml version="1.0" encoding="UTF-8"?>
<!-- Generated by org.testng.reporters.JUnitReportReporter -->
<testsuite hostname="DESKTOP-DIOO17K" failures="0" tests="1" name="Apractice1.fakerdatacreation" time="0.209" errors="0" timestamp="2023-08-30T20:11:01 IST" skipped="0">
  <testcase classname="Apractice1.fakerdatacreation" name="fakedatacreate" time="0.209"/>
</testsuite> <!-- Apractice1.fakerdatacreation -->
