<?xml version="1.0" encoding="UTF-8"?>
<!-- Generated by org.testng.reporters.JUnitReportReporter -->
<testsuite hostname="DESKTOP-DIOO17K" failures="0" tests="1" name="venky.fakerDataGenarater" time="0.245" errors="0" timestamp="2023-08-28T18:34:13 IST" skipped="0">
  <testcase classname="venky.fakerDataGenarater" name="testgeranatedummydata" time="0.245"/>
</testsuite> <!-- venky.fakerDataGenarater -->
