<?xml version="1.0" encoding="UTF-8"?>
<!-- Generated by org.testng.reporters.JUnitReportReporter -->
<testsuite hostname="DESKTOP-DIOO17K" failures="0" tests="2" name="practice.serializationdeserialization" time="0.852" errors="0" timestamp="2023-08-22T12:42:48 IST" skipped="0">
  <testcase classname="practice.serializationdeserialization" name="convertjson2pojo" time="0.240"/>
  <testcase classname="practice.serializationdeserialization" name="pojo2json" time="0.612"/>
</testsuite> <!-- practice.serializationdeserialization -->
