<?xml version="1.0" encoding="UTF-8"?>
<!-- Generated by org.testng.reporters.JUnitReportReporter -->
<testsuite hostname="DESKTOP-DIOO17K" failures="0" tests="4" name="Apractice1.httprequests" time="4.828" errors="0" timestamp="2023-08-30T18:05:20 IST" skipped="0">
  <testcase classname="Apractice1.httprequests" name="getmethod" time="3.090"/>
  <testcase classname="Apractice1.httprequests" name="postmethod" time="0.752"/>
  <testcase classname="Apractice1.httprequests" name="putmethod" time="0.516"/>
  <testcase classname="Apractice1.httprequests" name="delete" time="0.470"/>
</testsuite> <!-- Apractice1.httprequests -->
