<?xml version="1.0" encoding="UTF-8"?>
<!-- Generated by org.testng.reporters.JUnitReportReporter -->
<testsuite hostname="DESKTOP-DIOO17K" failures="0" tests="1" name="RestAssuredPractice.fakerdata" time="0.196" errors="0" timestamp="2023-08-29T13:24:01 IST" skipped="0">
  <testcase classname="RestAssuredPractice.fakerdata" name="fakedata" time="0.196"/>
</testsuite> <!-- RestAssuredPractice.fakerdata -->
