<?xml version="1.0" encoding="UTF-8"?>
<!-- Generated by org.testng.reporters.JUnitReportReporter -->
<testsuite hostname="DESKTOP-DIOO17K" failures="0" tests="1" name="Apractice1.jsonschemavalidation" time="14.887" errors="0" timestamp="2023-08-30T19:56:44 IST" skipped="0">
  <testcase classname="Apractice1.jsonschemavalidation" name="jsonschema" time="14.887"/>
</testsuite> <!-- Apractice1.jsonschemavalidation -->
