<?xml version="1.0" encoding="UTF-8"?>
<!-- Generated by org.testng.reporters.JUnitReportReporter -->
<testsuite hostname="DESKTOP-DIOO17K" failures="0" tests="1" name="chain.updateuser" time="0.350" errors="0" timestamp="2023-08-29T15:25:05 IST" skipped="0">
  <testcase classname="chain.updateuser" name="test_createuser" time="0.350"/>
</testsuite> <!-- chain.updateuser -->
