<?xml version="1.0" encoding="UTF-8"?>
<!-- Generated by org.testng.reporters.JUnitReportReporter -->
<testsuite hostname="DESKTOP-DIOO17K" failures="0" tests="1" name="Apractice1.xmlschemavalidation" time="12.424" errors="0" timestamp="2023-08-30T19:59:51 IST" skipped="0">
  <testcase classname="Apractice1.xmlschemavalidation" name="xmlschema" time="12.424"/>
</testsuite> <!-- Apractice1.xmlschemavalidation -->
