<?xml version="1.0" encoding="UTF-8"?>
<!-- Generated by org.testng.reporters.JUnitReportReporter -->
<testsuite hostname="DESKTOP-DIOO17K" failures="0" tests="2" name="practice.headers" time="1.160" errors="0" timestamp="2023-08-22T12:42:48 IST" skipped="0">
  <testcase classname="practice.headers" name="cookie" time="0.557"/>
  <testcase classname="practice.headers" name="getcookie" time="0.603"/>
</testsuite> <!-- practice.headers -->
