<?xml version="1.0" encoding="UTF-8"?>
<!-- Generated by org.testng.reporters.JUnitReportReporter -->
<testsuite hostname="DESKTOP-DIOO17K" failures="0" tests="1" name="practice.pathandquery" time="0.485" errors="0" timestamp="2023-08-22T12:42:48 IST" skipped="0">
  <testcase classname="practice.pathandquery" name="pathandquerypara" time="0.485"/>
</testsuite> <!-- practice.pathandquery -->
