<?xml version="1.0" encoding="UTF-8"?>
<!-- Generated by org.testng.reporters.JUnitReportReporter -->
<testsuite hostname="DESKTOP-DIOO17K" failures="0" tests="1" name="restassured.ParsingJSONresponseData" time="4.542" errors="0" timestamp="2023-08-21T13:08:06 IST" skipped="0">
  <testcase classname="restassured.ParsingJSONresponseData" name="testJsonresponse" time="4.542"/>
</testsuite> <!-- restassured.ParsingJSONresponseData -->
