<?xml version="1.0" encoding="UTF-8"?>
<!-- Generated by org.testng.reporters.JUnitReportReporter -->
<testsuite hostname="DESKTOP-DIOO17K" failures="0" tests="1" name="Apractice1.differentwayspost" time="2.566" errors="0" timestamp="2023-08-30T18:24:59 IST" skipped="0">
  <testcase classname="Apractice1.differentwayspost" name="externalfile" time="2.566"/>
</testsuite> <!-- Apractice1.differentwayspost -->
