<?xml version="1.0" encoding="UTF-8"?>
<!-- Generated by org.testng.reporters.JUnitReportReporter -->
<testsuite hostname="DESKTOP-DIOO17K" failures="0" tests="4" name="RestAssuredPractice.Httprequests" time="4.090" errors="0" timestamp="2023-08-29T11:00:25 IST" skipped="0">
  <testcase classname="RestAssuredPractice.Httprequests" name="delete" time="2.030"/>
  <testcase classname="RestAssuredPractice.Httprequests" name="put" time="0.518"/>
  <testcase classname="RestAssuredPractice.Httprequests" name="get" time="0.821"/>
  <testcase classname="RestAssuredPractice.Httprequests" name="post" time="0.721"/>
</testsuite> <!-- RestAssuredPractice.Httprequests -->
