<?xml version="1.0" encoding="UTF-8"?>
<!-- Generated by org.testng.reporters.JUnitReportReporter -->
<testsuite hostname="DESKTOP-DIOO17K" failures="0" tests="1" name="venky.xmlschemavalidator" time="1.551" errors="0" timestamp="2023-08-28T16:51:06 IST" skipped="0">
  <testcase classname="venky.xmlschemavalidator" name="jsonschemavalidator" time="1.551"/>
</testsuite> <!-- venky.xmlschemavalidator -->
