<?xml version="1.0" encoding="UTF-8"?>
<!-- Generated by org.testng.reporters.JUnitReportReporter -->
<testsuite hostname="DESKTOP-DIOO17K" failures="0" tests="1" name="venky.cookies" time="2.251" errors="0" timestamp="2023-08-28T11:50:57 IST" skipped="0">
  <testcase classname="venky.cookies" name="cookies" time="2.251"/>
</testsuite> <!-- venky.cookies -->
