<?xml version="1.0" encoding="UTF-8"?>
<!-- Generated by org.testng.reporters.JUnitReportReporter -->
<testsuite hostname="DESKTOP-DIOO17K" failures="0" tests="2" name="practice.cookies" time="1.065" errors="0" timestamp="2023-08-22T12:42:48 IST" skipped="0">
  <testcase classname="practice.cookies" name="cookie" time="0.549"/>
  <testcase classname="practice.cookies" name="getcookie" time="0.516"/>
</testsuite> <!-- practice.cookies -->
