<?xml version="1.0" encoding="UTF-8"?>
<!-- Generated by org.testng.reporters.JUnitReportReporter -->
<testsuite hostname="DESKTOP-DIOO17K" failures="0" tests="4" name="practice.Diffwayspostmethos" time="1.748" errors="0" timestamp="2023-08-22T12:42:48 IST" skipped="0">
  <testcase classname="practice.Diffwayspostmethos" name="jsonmethod" time="0.385"/>
  <testcase classname="practice.Diffwayspostmethos" name="filesmethod" time="0.517"/>
  <testcase classname="practice.Diffwayspostmethos" name="pojomethod" time="0.456"/>
  <testcase classname="practice.Diffwayspostmethos" name="hasmethod" time="0.390"/>
</testsuite> <!-- practice.Diffwayspostmethos -->
