<?xml version="1.0" encoding="UTF-8"?>
<!-- Generated by org.testng.reporters.JUnitReportReporter -->
<testsuite hostname="DESKTOP-DIOO17K" failures="0" tests="1" name="venky.fileupload" time="1.327" errors="0" timestamp="2023-08-28T13:59:11 IST" skipped="0">
  <testcase classname="venky.fileupload" name="filedownload" time="1.327"/>
</testsuite> <!-- venky.fileupload -->
